build/outputs/logs/manifest-merger-debug-report.txt
-- Merging decision tree log ---
manifest
ADDED from GitHub\epcc-fall-fest\AndroidManifest.xml:10:1-51:12
	package
		ADDED from GitHub\epcc-fall-fest\AndroidManifest.xml:11:5-39
	android:versionName
		ADDED from GitHub\epcc-fall-fest\AndroidManifest.xml:13:5-30
	android:versionCode
		ADDED from GitHub\epcc-fall-fest\AndroidManifest.xml:12:5-28
		INJECTED from GitHub\epcc-fall-fest\AndroidManifest.xml
		INJECTED from GitHub\epcc-fall-fest\AndroidManifest.xml
	xmlns:android
		ADDED from GitHub\epcc-fall-fest\AndroidManifest.xml:10:11-69
uses-sdk
ADDED from GitHub\epcc-fall-fest\AndroidManifest.xml:15:5-17:41
	android:targetSdkVersion
		ADDED from GitHub\epcc-fall-fest\AndroidManifest.xml:17:9-38
	android:minSdkVersion
		ADDED from GitHub\epcc-fall-fest\AndroidManifest.xml:16:9-35
uses-permission#android.permission.INTERNET
ADDED from GitHub\epcc-fall-fest\AndroidManifest.xml:19:5-67
	android:name
		ADDED from GitHub\epcc-fall-fest\AndroidManifest.xml:19:22-64
uses-permission#android.permission.ACCESS_NETWORK_STATE
ADDED from GitHub\epcc-fall-fest\AndroidManifest.xml:20:5-79
	android:name
		ADDED from GitHub\epcc-fall-fest\AndroidManifest.xml:20:22-76
uses-permission#android.permission.WAKE_LOCK
ADDED from GitHub\epcc-fall-fest\AndroidManifest.xml:21:5-68
	android:name
		ADDED from GitHub\epcc-fall-fest\AndroidManifest.xml:21:22-65
uses-permission#android.permission.VIBRATE
ADDED from GitHub\epcc-fall-fest\AndroidManifest.xml:22:5-66
	android:name
		ADDED from GitHub\epcc-fall-fest\AndroidManifest.xml:22:22-63
uses-permission#android.permission.RECEIVE_BOOT_COMPLETED
ADDED from GitHub\epcc-fall-fest\AndroidManifest.xml:23:5-81
	android:name
		ADDED from GitHub\epcc-fall-fest\AndroidManifest.xml:23:22-78
uses-permission#android.permission.GET_ACCOUNTS
ADDED from GitHub\epcc-fall-fest\AndroidManifest.xml:24:5-71
	android:name
		ADDED from GitHub\epcc-fall-fest\AndroidManifest.xml:24:22-68
uses-permission#com.google.android.c2dm.permission.RECEIVE
ADDED from GitHub\epcc-fall-fest\AndroidManifest.xml:25:5-82
	android:name
		ADDED from GitHub\epcc-fall-fest\AndroidManifest.xml:25:22-79
uses-permission#android.permission.CAMERA
ADDED from GitHub\epcc-fall-fest\AndroidManifest.xml:26:5-65
	android:name
		ADDED from GitHub\epcc-fall-fest\AndroidManifest.xml:26:22-62
application
ADDED from GitHub\epcc-fall-fest\AndroidManifest.xml:29:5-49:19
	android:label
		ADDED from GitHub\epcc-fall-fest\AndroidManifest.xml:32:9-41
	android:allowBackup
		ADDED from GitHub\epcc-fall-fest\AndroidManifest.xml:30:9-35
	android:icon
		ADDED from GitHub\epcc-fall-fest\AndroidManifest.xml:31:9-46
	android:theme
		ADDED from GitHub\epcc-fall-fest\AndroidManifest.xml:33:9-46
activity#edu.epcc.epccfallfestapp.Splash
ADDED from GitHub\epcc-fall-fest\AndroidManifest.xml:35:9-43:20
	android:screenOrientation
		ADDED from GitHub\epcc-fall-fest\AndroidManifest.xml:37:13-49
	android:label
		ADDED from GitHub\epcc-fall-fest\AndroidManifest.xml:38:13-45
	android:name
		ADDED from GitHub\epcc-fall-fest\AndroidManifest.xml:36:13-35
intent-filter#android.intent.action.MAIN+android.intent.category.LAUNCHER
ADDED from GitHub\epcc-fall-fest\AndroidManifest.xml:39:13-42:29
action#android.intent.action.MAIN
ADDED from GitHub\epcc-fall-fest\AndroidManifest.xml:40:17-69
	android:name
		ADDED from GitHub\epcc-fall-fest\AndroidManifest.xml:40:25-66
category#android.intent.category.LAUNCHER
ADDED from GitHub\epcc-fall-fest\AndroidManifest.xml:41:17-77
	android:name
		ADDED from GitHub\epcc-fall-fest\AndroidManifest.xml:41:27-74
activity#edu.epcc.epccfallfestapp.MainActivity
ADDED from GitHub\epcc-fall-fest\AndroidManifest.xml:45:9-47:52
	android:screenOrientation
		ADDED from GitHub\epcc-fall-fest\AndroidManifest.xml:47:13-49
	android:name
		ADDED from GitHub\epcc-fall-fest\AndroidManifest.xml:46:13-65